<?xml version="1.0" encoding="UTF-8" ?>
<testsuite failures="0" time="0" errors="0" skipped="0" tests="0" name="com.hyzy.sms.WebClientTest">
  <properties>
    <property name="java.runtime.name" value="Java(TM) SE Runtime Environment"/>
    <property name="sun.boot.library.path" value="C:\Java\jdk\jre\bin"/>
    <property name="java.vm.version" value="24.72-b04"/>
    <property name="java.vm.vendor" value="Oracle Corporation"/>
    <property name="java.vendor.url" value="http://java.oracle.com/"/>
    <property name="path.separator" value=";"/>
    <property name="java.vm.name" value="Java HotSpot(TM) Client VM"/>
    <property name="file.encoding.pkg" value="sun.io"/>
    <property name="user.script" value=""/>
    <property name="user.country" value="CN"/>
    <property name="sun.java.launcher" value="SUN_STANDARD"/>
    <property name="sun.os.patch.level" value=""/>
    <property name="java.vm.specification.name" value="Java Virtual Machine Specification"/>
    <property name="user.dir" value="F:\workspace\hyzy\modules\hyzy-sms"/>
    <property name="java.runtime.version" value="1.7.0_72-b14"/>
    <property name="java.awt.graphicsenv" value="sun.awt.Win32GraphicsEnvironment"/>
    <property name="basedir" value="F:\workspace\hyzy\modules\hyzy-sms"/>
    <property name="java.endorsed.dirs" value="C:\Java\jdk\jre\lib\endorsed"/>
    <property name="os.arch" value="x86"/>
    <property name="java.io.tmpdir" value="C:\Users\zdh\AppData\Local\Temp\"/>
    <property name="line.separator" value="
"/>
    <property name="java.vm.specification.vendor" value="Oracle Corporation"/>
    <property name="user.variant" value=""/>
    <property name="os.name" value="Windows 8.1"/>
    <property name="sun.jnu.encoding" value="GBK"/>
    <property name="java.library.path" value="C:\Java\jdk\jre\bin;C:\WINDOWS\Sun\Java\bin;C:\WINDOWS\system32;C:\WINDOWS;C:/Java/jdk/jre/bin/client;C:/Java/jdk/jre/bin;C:/Java/jdk/jre/lib/i386;C:\WINDOWS\system32;C:\WINDOWS;C:\WINDOWS\System32\Wbem;C:\WINDOWS\System32\WindowsPowerShell\v1.0\;C:\Java\jdk\bin;D:\installtools\eclipse;;."/>
    <property name="surefire.test.class.path" value="F:\workspace\hyzy\modules\hyzy-sms\target\test-classes;F:\workspace\hyzy\modules\hyzy-sms\target\classes;D:\installtools\maven\apache-maven-3.2.5\repository\org\springframework\spring-core\3.1.0.RELEASE\spring-core-3.1.0.RELEASE.jar;D:\installtools\maven\apache-maven-3.2.5\repository\org\springframework\spring-asm\3.1.0.RELEASE\spring-asm-3.1.0.RELEASE.jar;D:\installtools\maven\apache-maven-3.2.5\repository\commons-logging\commons-logging\1.1.1\commons-logging-1.1.1.jar;D:\installtools\maven\apache-maven-3.2.5\repository\org\springframework\spring-beans\3.1.0.RELEASE\spring-beans-3.1.0.RELEASE.jar;D:\installtools\maven\apache-maven-3.2.5\repository\org\springframework\spring-context\3.1.0.RELEASE\spring-context-3.1.0.RELEASE.jar;D:\installtools\maven\apache-maven-3.2.5\repository\org\springframework\spring-expression\3.1.0.RELEASE\spring-expression-3.1.0.RELEASE.jar;D:\installtools\maven\apache-maven-3.2.5\repository\org\springframework\spring-context-support\3.1.0.RELEASE\spring-context-support-3.1.0.RELEASE.jar;D:\installtools\maven\apache-maven-3.2.5\repository\org\springframework\spring-aop\3.1.0.RELEASE\spring-aop-3.1.0.RELEASE.jar;D:\installtools\maven\apache-maven-3.2.5\repository\aopalliance\aopalliance\1.0\aopalliance-1.0.jar;D:\installtools\maven\apache-maven-3.2.5\repository\org\springframework\spring-tx\3.1.0.RELEASE\spring-tx-3.1.0.RELEASE.jar;D:\installtools\maven\apache-maven-3.2.5\repository\org\aspectj\aspectjrt\1.6.9\aspectjrt-1.6.9.jar;D:\installtools\maven\apache-maven-3.2.5\repository\org\aspectj\aspectjweaver\1.6.9\aspectjweaver-1.6.9.jar;D:\installtools\maven\apache-maven-3.2.5\repository\cglib\cglib-nodep\2.2\cglib-nodep-2.2.jar;D:\installtools\maven\apache-maven-3.2.5\repository\org\springframework\spring-orm\3.1.0.RELEASE\spring-orm-3.1.0.RELEASE.jar;D:\installtools\maven\apache-maven-3.2.5\repository\org\springframework\spring-jdbc\3.1.0.RELEASE\spring-jdbc-3.1.0.RELEASE.jar;"/>
    <property name="java.specification.name" value="Java Platform API Specification"/>
    <property name="java.class.version" value="51.0"/>
    <property name="sun.management.compiler" value="HotSpot Client Compiler"/>
    <property name="os.version" value="6.3"/>
    <property name="user.home" value="C:\Users\zdh"/>
    <property name="user.timezone" value=""/>
    <property name="java.awt.printerjob" value="sun.awt.windows.WPrinterJob"/>
    <property name="java.specification.version" value="1.7"/>
    <property name="file.encoding" value="GBK"/>
    <property name="user.name" value="zdh"/>
    <property name="java.class.path" value="D:\installtools\maven\apache-maven-3.2.5\repository\org\apache\maven\surefire\surefire-booter\2.7.2\surefire-booter-2.7.2.jar;D:\installtools\maven\apache-maven-3.2.5\repository\org\apache\maven\surefire\surefire-api\2.7.2\surefire-api-2.7.2.jar"/>
    <property name="java.vm.specification.version" value="1.7"/>
    <property name="sun.arch.data.model" value="32"/>
    <property name="java.home" value="C:\Java\jdk\jre"/>
    <property name="sun.java.command" value="org.apache.maven.surefire.booter.ForkedBooter F:\workspace\hyzy\modules\hyzy-sms\target\surefire\surefire1583202894536008993tmp F:\workspace\hyzy\modules\hyzy-sms\target\surefire\surefire7418993078397869312tmp"/>
    <property name="java.specification.vendor" value="Oracle Corporation"/>
    <property name="user.language" value="zh"/>
    <property name="awt.toolkit" value="sun.awt.windows.WToolkit"/>
    <property name="java.vm.info" value="mixed mode, sharing"/>
    <property name="java.version" value="1.7.0_72"/>
    <property name="java.ext.dirs" value="C:\Java\jdk\jre\lib\ext;C:\WINDOWS\Sun\Java\lib\ext"/>
    <property name="sun.boot.class.path" value="C:\Java\jdk\jre\lib\resources.jar;C:\Java\jdk\jre\lib\rt.jar;C:\Java\jdk\jre\lib\sunrsasign.jar;C:\Java\jdk\jre\lib\jsse.jar;C:\Java\jdk\jre\lib\jce.jar;C:\Java\jdk\jre\lib\charsets.jar;C:\Java\jdk\jre\lib\jfr.jar;C:\Java\jdk\jre\classes"/>
    <property name="java.vendor" value="Oracle Corporation"/>
    <property name="localRepository" value="D:\installtools\maven\apache-maven-3.2.5\repository"/>
    <property name="file.separator" value="\"/>
    <property name="java.vendor.url.bug" value="http://bugreport.sun.com/bugreport/"/>
    <property name="sun.cpu.endian" value="little"/>
    <property name="sun.io.unicode.encoding" value="UnicodeLittle"/>
    <property name="sun.desktop" value="windows"/>
    <property name="sun.cpu.isalist" value="pentium_pro+mmx pentium_pro pentium+mmx pentium i486 i386 i86"/>
  </properties>
</testsuite>